Vivado Simulator 2019.2
Copyright 1986-1999, 2001-2019 Xilinx, Inc. All Rights Reserved.
Running: /tools/Xilinx/Vivado/2019.2/bin/unwrapped/lnx64.o/xelab -wto 40a8504ff13f45349937f17ec2c9d911 --incr --debug typical --relax --mt 8 -L xil_defaultlib -L unisims_ver -L unimacro_ver -L secureip --snapshot pipeline_proc_tb1_behav xil_defaultlib.pipeline_proc_tb1 xil_defaultlib.glbl -log elaborate.log 
Using 8 slave threads.
Starting static elaboration
Pass Through NonSizing Optimizer
Completed static elaboration
Starting simulation data flow analysis
Completed simulation data flow analysis
Time Resolution for simulation is 1ps
Compiling module xil_defaultlib.data_memory
Compiling module xil_defaultlib.decode_instr
Compiling module xil_defaultlib.mux2x1_5
Compiling module xil_defaultlib.registers
Compiling module xil_defaultlib.extender32
Compiling module xil_defaultlib.mux2x1_32
Compiling module xil_defaultlib.fulladder
Compiling module xil_defaultlib.adder32bit
Compiling module xil_defaultlib.alu
Compiling module xil_defaultlib.execute_unit
Compiling module xil_defaultlib.instr_memory
Compiling module xil_defaultlib.extender30
Compiling module xil_defaultlib.fetch_unit
Compiling module xil_defaultlib.pipeline_proc
Compiling module xil_defaultlib.pipeline_proc_tb1
Compiling module xil_defaultlib.glbl
Built simulation snapshot pipeline_proc_tb1_behav
