Command line:
   adder32bit_tb_isim_beh.exe
     -simmode  gui
     -simrunnum  0
     -socket  54209

Wed Jan 29 14:30:02 2020


 Elaboration Time: 0 sec

 Current Memory Usage: 181.916 Meg

 Total Signals          : 184
 Total Nets             : 145
 Total Signal Drivers   : 73
 Total Blocks           : 35
 Total Primitive Blocks : 33
 Total Processes        : 81
 Total Traceable Variables  : 21
 Total Scalar Nets and Variables : 290
Total Line Count : 90

 Total Simulation Time: 0 sec

 Current Memory Usage: 257.417 Meg

Wed Jan 29 14:32:49 2020

