Command line:
   alu_tb_isim_beh.exe
     -simmode  gui
     -simrunnum  0
     -socket  60731

Wed Jan 29 21:29:53 2020


 Elaboration Time: 0.01 sec

 Current Memory Usage: 182.465 Meg

 Total Signals          : 367
 Total Nets             : 281
 Total Signal Drivers   : 146
 Total Blocks           : 69
 Total Primitive Blocks : 65
 Total Processes        : 161
 Total Traceable Variables  : 25
 Total Scalar Nets and Variables : 464
Total Line Count : 233

 Total Simulation Time: 0.02 sec

 Current Memory Usage: 257.966 Meg

Wed Jan 29 21:30:30 2020

