Command line:
   alu_tb_isim_beh.exe
     -simmode  gui
     -simrunnum  0
     -socket  41961

Wed Jan 29 15:41:27 2020


 Elaboration Time: 0.01 sec

 Current Memory Usage: 182.465 Meg

 Total Signals          : 366
 Total Nets             : 280
 Total Signal Drivers   : 145
 Total Blocks           : 69
 Total Primitive Blocks : 65
 Total Processes        : 158
 Total Traceable Variables  : 24
 Total Scalar Nets and Variables : 462
Total Line Count : 230

 Total Simulation Time: 0.01 sec

 Current Memory Usage: 257.966 Meg

Wed Jan 29 15:44:28 2020

